<?xml version="1.0" encoding="UTF-8"?>
<!-- Generated by org.testng.reporters.JUnitReportReporter -->
<testsuite hostname="DESKTOP-EHG7AFE" failures="0" tests="4" name="com.scripts.actitime.testactitime" time="60.573" errors="0" timestamp="08 Jun 2020 20:19:25 GMT" skipped="0">
  <testcase classname="com.scripts.actitime.testactitime" name="loginactitime" time="7.621"/>
  <testcase classname="com.scripts.actitime.testactitime" name="customercreate" time="14.856"/>
  <testcase classname="com.scripts.actitime.testactitime" name="leavetype" time="20.192"/>
  <testcase classname="com.scripts.actitime.testactitime" name="worktype" time="17.904"/>
</testsuite> <!-- com.scripts.actitime.testactitime -->
